 
-------------------------------------------
Run started: Fri  7 Nov 2025 15:48:55 GMT
➡️ Running bramble_pipeline.pl...
[info] Today:     20251107
[info] Yesterday: 20251106
[info] Tomorrow:  20251108
[ok] Actual file already exists: data/20251106_bramble_actual.csv
[ok] Forecast file already exists: data/20251108_bramble_forecast.json
Check 'data' for outputs.
[skip] Graph already exists: graphs/20251106_bramble_bank_wind.png
➡️ Committing and pushing updates...
[main 49b49aa] Automated update on 2025-11-07 15:48:55
 1 file changed, 2 insertions(+), 62 deletions(-)
To github.com:Axonproj/wind_graphs.git
   2e391a8..49b49aa  main -> main
{"ok":true,"result":{"message_id":15,"from":{"id":8341214958,"is_bot":true,"first_name":"MacBot","username":"AxonprojBot"},"chat":{"id":8282574082,"first_name":"Ray","last_name":"Russell","type":"private"},"date":1762530536,"text":"\u2705 Weather update completed on NewAir.local at 15:48:56"}}Run completed: Fri  7 Nov 2025 15:48:56 GMT
-------------------------------------------
-------------------------------------------
Run started: Fri  7 Nov 2025 15:56:52 GMT
➡️ Running bramble_pipeline.pl...
[info] Today:     20251107
[info] Yesterday: 20251106
[info] Tomorrow:  20251108
[ok] Actual file already exists: data/20251106_bramble_actual.csv
[ok] Forecast file already exists: data/20251108_bramble_forecast.json
Check 'data' for outputs.
[skip] Graph already exists: graphs/20251106_bramble_bank_wind.png
➡️ Committing and pushing updates...
